Build started 3/23/2013 1:08:46 PM.
     1>Project "C:\Users\deleo\GT-BU-AP-Dice\ragdoll\ragdoll.vcxproj" on node 2 (build target(s)).
     1>InitializeBuildStatus:
         Touching "Debug\ragdoll.unsuccessfulbuild".
       ClCompile:
         C:\Program Files (x86)\Microsoft Visual Studio 10.0\VC\bin\CL.exe /c /I"E:\School\Advanced Physics\Advanced_physics_ragdoll\ragdoll\include" /ZI /nologo /W3 /WX- /Od /Oy- /D WIN32 /D _DEBUG /D _CONSOLE /D _UNICODE /D UNICODE /Gm /EHsc /RTC1 /MTd /GS /fp:precise /Zc:wchar_t /Zc:forScope /Yc"StdAfx.h" /Fp"Debug\ragdoll.pch" /Fo"Debug\\" /Fd"Debug\vc100.pdb" /Gd /TP /analyze- /errorReport:prompt stdafx.cpp
         stdafx.cpp
         C:\Program Files (x86)\Microsoft Visual Studio 10.0\VC\bin\CL.exe /c /I"E:\School\Advanced Physics\Advanced_physics_ragdoll\ragdoll\include" /ZI /nologo /W3 /WX- /Od /Oy- /D WIN32 /D _DEBUG /D _CONSOLE /D _UNICODE /D UNICODE /Gm /EHsc /RTC1 /MTd /GS /fp:precise /Zc:wchar_t /Zc:forScope /Fo"Debug\\" /Fd"Debug\vc100.pdb" /Gd /TP /analyze- /errorReport:prompt dice_app.cpp main.cpp
         dice_app.cpp
     1>c:\users\deleo\gt-bu-ap-dice\ragdoll\dice_app.cpp(59): error C2509: 'resize' : member function not declared in 'DiceApp'
                 c:\users\deleo\gt-bu-ap-dice\ragdoll\dice_app.h(8) : see declaration of 'DiceApp'
         Generating Code...
         Compiling...
         main.cpp
         Generating Code...
     1>Done Building Project "C:\Users\deleo\GT-BU-AP-Dice\ragdoll\ragdoll.vcxproj" (build target(s)) -- FAILED.

Build FAILED.

Time Elapsed 00:00:02.22
